<?xml version="1.0" encoding="UTF-8"?>
<!-- Generated by org.testng.reporters.JUnitXMLReporter -->
<testsuite ignored="0" hostname="Rehansgamingdevice" failures="0" tests="4" name="chromeTest" time="13.695" errors="0" timestamp="2025-02-11T17:05:03 IST">
  <testcase classname="testCases.TC_0001_AccountRegister" name="verify_account_register" time="1.543"/>
  <testcase classname="testCases.TC_0002_LoginWithValid" name="varify_login" time="1.161"/>
  <testcase classname="testCases.TC_004_Search" name="verify_pruductSearch" time="0.947"/>
  <testcase classname="testCases.TC_005_AddToCartPageTest" name="verify_addToCart" time="1.873"/>
</testsuite> <!-- chromeTest -->
