<?xml version="1.0" encoding="UTF-8"?>
<testng-results ignored="0" total="2" passed="2" failed="0" skipped="0">
  <reporter-output>
  </reporter-output>
  <suite started-at="2025-02-10T16:54:26 IST" name="Suite" finished-at="2025-02-10T16:54:33 IST" duration-ms="7455">
    <groups>
      <group name="Master">
        <method signature="TC_0001_AccountRegister.verify_account_register()[pri:0, instance:testCases.TC_0001_AccountRegister@3c9bfddc]" name="verify_account_register" class="testCases.TC_0001_AccountRegister"/>
        <method signature="TC_0002_LoginWithValid.varify_login()[pri:0, instance:testCases.TC_0002_LoginWithValid@3bd418e4]" name="varify_login" class="testCases.TC_0002_LoginWithValid"/>
      </group> <!-- Master -->
      <group name="Sanity">
        <method signature="TC_0002_LoginWithValid.varify_login()[pri:0, instance:testCases.TC_0002_LoginWithValid@3bd418e4]" name="varify_login" class="testCases.TC_0002_LoginWithValid"/>
      </group> <!-- Sanity -->
      <group name="Regression">
        <method signature="TC_0001_AccountRegister.verify_account_register()[pri:0, instance:testCases.TC_0001_AccountRegister@3c9bfddc]" name="verify_account_register" class="testCases.TC_0001_AccountRegister"/>
      </group> <!-- Regression -->
    </groups>
    <test started-at="2025-02-10T16:54:26 IST" name="chromeTest" finished-at="2025-02-10T16:54:33 IST" duration-ms="7455">
      <class name="testCases.TC_0002_LoginWithValid">
        <test-method is-config="true" signature="setup(java.lang.String,java.lang.String)[pri:0, instance:testCases.TC_0002_LoginWithValid@3bd418e4]" started-at="2025-02-10T16:54:30 IST" name="setup" finished-at="2025-02-10T16:54:32 IST" duration-ms="1669" status="PASS">
          <params>
            <param index="0">
              <value>
                <![CDATA[windows]]>
              </value>
            </param>
            <param index="1">
              <value>
                <![CDATA[chrome]]>
              </value>
            </param>
          </params>
          <reporter-output>
          </reporter-output>
        </test-method> <!-- setup -->
        <test-method signature="varify_login()[pri:0, instance:testCases.TC_0002_LoginWithValid@3bd418e4]" started-at="2025-02-10T16:54:32 IST" name="varify_login" finished-at="2025-02-10T16:54:33 IST" duration-ms="1310" status="PASS">
          <reporter-output>
          </reporter-output>
        </test-method> <!-- varify_login -->
        <test-method is-config="true" signature="teardown()[pri:0, instance:testCases.TC_0002_LoginWithValid@3bd418e4]" started-at="2025-02-10T16:54:33 IST" name="teardown" finished-at="2025-02-10T16:54:33 IST" duration-ms="156" status="PASS">
          <reporter-output>
          </reporter-output>
        </test-method> <!-- teardown -->
      </class> <!-- testCases.TC_0002_LoginWithValid -->
      <class name="testCases.TC_0001_AccountRegister">
        <test-method is-config="true" signature="setup(java.lang.String,java.lang.String)[pri:0, instance:testCases.TC_0001_AccountRegister@3c9bfddc]" started-at="2025-02-10T16:54:26 IST" name="setup" finished-at="2025-02-10T16:54:28 IST" duration-ms="2324" status="PASS">
          <params>
            <param index="0">
              <value>
                <![CDATA[windows]]>
              </value>
            </param>
            <param index="1">
              <value>
                <![CDATA[chrome]]>
              </value>
            </param>
          </params>
          <reporter-output>
          </reporter-output>
        </test-method> <!-- setup -->
        <test-method signature="verify_account_register()[pri:0, instance:testCases.TC_0001_AccountRegister@3c9bfddc]" started-at="2025-02-10T16:54:29 IST" name="verify_account_register" finished-at="2025-02-10T16:54:30 IST" duration-ms="1682" status="PASS">
          <reporter-output>
          </reporter-output>
        </test-method> <!-- verify_account_register -->
        <test-method is-config="true" signature="teardown()[pri:0, instance:testCases.TC_0001_AccountRegister@3c9bfddc]" started-at="2025-02-10T16:54:30 IST" name="teardown" finished-at="2025-02-10T16:54:30 IST" duration-ms="151" status="PASS">
          <reporter-output>
          </reporter-output>
        </test-method> <!-- teardown -->
      </class> <!-- testCases.TC_0001_AccountRegister -->
    </test> <!-- chromeTest -->
  </suite> <!-- Suite -->
</testng-results>
