<?xml version="1.0" encoding="UTF-8"?>
<testng-results ignored="0" total="4" passed="4" failed="0" skipped="0">
  <reporter-output>
  </reporter-output>
  <suite started-at="2025-02-11T17:04:49 IST" name="Suite" finished-at="2025-02-11T17:05:02 IST" duration-ms="13695">
    <groups>
      <group name="Master">
        <method signature="TC_0001_AccountRegister.verify_account_register()[pri:0, instance:testCases.TC_0001_AccountRegister@6a1d204a]" name="verify_account_register" class="testCases.TC_0001_AccountRegister"/>
        <method signature="TC_0002_LoginWithValid.varify_login()[pri:0, instance:testCases.TC_0002_LoginWithValid@3954d008]" name="varify_login" class="testCases.TC_0002_LoginWithValid"/>
        <method signature="TC_004_Search.verify_pruductSearch()[pri:0, instance:testCases.TC_004_Search@2f94c4db]" name="verify_pruductSearch" class="testCases.TC_004_Search"/>
        <method signature="TC_005_AddToCartPageTest.verify_addToCart()[pri:0, instance:testCases.TC_005_AddToCartPageTest@593e824f]" name="verify_addToCart" class="testCases.TC_005_AddToCartPageTest"/>
      </group> <!-- Master -->
      <group name="Sanity">
        <method signature="TC_0002_LoginWithValid.varify_login()[pri:0, instance:testCases.TC_0002_LoginWithValid@3954d008]" name="varify_login" class="testCases.TC_0002_LoginWithValid"/>
      </group> <!-- Sanity -->
      <group name="Regression">
        <method signature="TC_0001_AccountRegister.verify_account_register()[pri:0, instance:testCases.TC_0001_AccountRegister@6a1d204a]" name="verify_account_register" class="testCases.TC_0001_AccountRegister"/>
      </group> <!-- Regression -->
    </groups>
    <test started-at="2025-02-11T17:04:49 IST" name="chromeTest" finished-at="2025-02-11T17:05:02 IST" duration-ms="13695">
      <class name="testCases.TC_0002_LoginWithValid">
        <test-method is-config="true" signature="setup(java.lang.String,java.lang.String)[pri:0, instance:testCases.TC_0002_LoginWithValid@3954d008]" started-at="2025-02-11T17:04:53 IST" name="setup" finished-at="2025-02-11T17:04:54 IST" duration-ms="1733" status="PASS">
          <params>
            <param index="0">
              <value>
                <![CDATA[windows]]>
              </value>
            </param>
            <param index="1">
              <value>
                <![CDATA[chrome]]>
              </value>
            </param>
          </params>
          <reporter-output>
          </reporter-output>
        </test-method> <!-- setup -->
        <test-method signature="varify_login()[pri:0, instance:testCases.TC_0002_LoginWithValid@3954d008]" started-at="2025-02-11T17:04:54 IST" name="varify_login" finished-at="2025-02-11T17:04:55 IST" duration-ms="1161" status="PASS">
          <reporter-output>
          </reporter-output>
        </test-method> <!-- varify_login -->
        <test-method is-config="true" signature="teardown()[pri:0, instance:testCases.TC_0002_LoginWithValid@3954d008]" started-at="2025-02-11T17:04:55 IST" name="teardown" finished-at="2025-02-11T17:04:56 IST" duration-ms="154" status="PASS">
          <reporter-output>
          </reporter-output>
        </test-method> <!-- teardown -->
      </class> <!-- testCases.TC_0002_LoginWithValid -->
      <class name="testCases.TC_0001_AccountRegister">
        <test-method is-config="true" signature="setup(java.lang.String,java.lang.String)[pri:0, instance:testCases.TC_0001_AccountRegister@6a1d204a]" started-at="2025-02-11T17:04:49 IST" name="setup" finished-at="2025-02-11T17:04:51 IST" duration-ms="1939" status="PASS">
          <params>
            <param index="0">
              <value>
                <![CDATA[windows]]>
              </value>
            </param>
            <param index="1">
              <value>
                <![CDATA[chrome]]>
              </value>
            </param>
          </params>
          <reporter-output>
          </reporter-output>
        </test-method> <!-- setup -->
        <test-method signature="verify_account_register()[pri:0, instance:testCases.TC_0001_AccountRegister@6a1d204a]" started-at="2025-02-11T17:04:51 IST" name="verify_account_register" finished-at="2025-02-11T17:04:52 IST" duration-ms="1543" status="PASS">
          <reporter-output>
          </reporter-output>
        </test-method> <!-- verify_account_register -->
        <test-method is-config="true" signature="teardown()[pri:0, instance:testCases.TC_0001_AccountRegister@6a1d204a]" started-at="2025-02-11T17:04:52 IST" name="teardown" finished-at="2025-02-11T17:04:53 IST" duration-ms="149" status="PASS">
          <reporter-output>
          </reporter-output>
        </test-method> <!-- teardown -->
      </class> <!-- testCases.TC_0001_AccountRegister -->
      <class name="testCases.TC_005_AddToCartPageTest">
        <test-method is-config="true" signature="setup(java.lang.String,java.lang.String)[pri:0, instance:testCases.TC_005_AddToCartPageTest@593e824f]" started-at="2025-02-11T17:04:59 IST" name="setup" finished-at="2025-02-11T17:05:00 IST" duration-ms="1658" status="PASS">
          <params>
            <param index="0">
              <value>
                <![CDATA[windows]]>
              </value>
            </param>
            <param index="1">
              <value>
                <![CDATA[chrome]]>
              </value>
            </param>
          </params>
          <reporter-output>
          </reporter-output>
        </test-method> <!-- setup -->
        <test-method signature="verify_addToCart()[pri:0, instance:testCases.TC_005_AddToCartPageTest@593e824f]" started-at="2025-02-11T17:05:00 IST" name="verify_addToCart" finished-at="2025-02-11T17:05:02 IST" duration-ms="1873" status="PASS">
          <reporter-output>
          </reporter-output>
        </test-method> <!-- verify_addToCart -->
        <test-method is-config="true" signature="teardown()[pri:0, instance:testCases.TC_005_AddToCartPageTest@593e824f]" started-at="2025-02-11T17:05:02 IST" name="teardown" finished-at="2025-02-11T17:05:02 IST" duration-ms="134" status="PASS">
          <reporter-output>
          </reporter-output>
        </test-method> <!-- teardown -->
      </class> <!-- testCases.TC_005_AddToCartPageTest -->
      <class name="testCases.TC_004_Search">
        <test-method is-config="true" signature="setup(java.lang.String,java.lang.String)[pri:0, instance:testCases.TC_004_Search@2f94c4db]" started-at="2025-02-11T17:04:56 IST" name="setup" finished-at="2025-02-11T17:04:58 IST" duration-ms="2018" status="PASS">
          <params>
            <param index="0">
              <value>
                <![CDATA[windows]]>
              </value>
            </param>
            <param index="1">
              <value>
                <![CDATA[chrome]]>
              </value>
            </param>
          </params>
          <reporter-output>
          </reporter-output>
        </test-method> <!-- setup -->
        <test-method signature="verify_pruductSearch()[pri:0, instance:testCases.TC_004_Search@2f94c4db]" started-at="2025-02-11T17:04:58 IST" name="verify_pruductSearch" finished-at="2025-02-11T17:04:59 IST" duration-ms="947" status="PASS">
          <reporter-output>
          </reporter-output>
        </test-method> <!-- verify_pruductSearch -->
        <test-method is-config="true" signature="teardown()[pri:0, instance:testCases.TC_004_Search@2f94c4db]" started-at="2025-02-11T17:04:59 IST" name="teardown" finished-at="2025-02-11T17:04:59 IST" duration-ms="158" status="PASS">
          <reporter-output>
          </reporter-output>
        </test-method> <!-- teardown -->
      </class> <!-- testCases.TC_004_Search -->
    </test> <!-- chromeTest -->
  </suite> <!-- Suite -->
</testng-results>
